<?xml version="1.0" encoding="UTF-8"?>
<!-- Generated by org.testng.reporters.JUnitReportReporter -->
<testsuite hostname="LAPTOP-BDELJV31" failures="0" tests="8" name="trello.TrelloUsageTest" time="51.238" errors="1" timestamp="2022-09-28T23:24:50 IDT" skipped="3">
  <testcase classname="trello.TrelloUsageTest" name="testDeletingCard" time="12.299"/>
  <system-out/>
  <testcase classname="trello.TrelloUsageTest" name="testUserAction" time="3.894"/>
  <system-out/>
  <testcase classname="trello.TrelloUsageTest" name="testDeletingCard" time="0.000">
    <skipped/>
  </testcase> <!-- testDeletingCard -->
  <system-out/>
  <testcase classname="trello.TrelloUsageTest" name="testDownloadFile" time="14.965"/>
  <system-out/>
  <testcase classname="trello.TrelloUsageTest" name="testFileContent" time="0.000">
    <skipped/>
  </testcase> <!-- testFileContent -->
  <system-out/>
  <testcase classname="trello.TrelloUsageTest" name="testFileContent" time="0.118"/>
  <system-out/>
  <testcase classname="trello.TrelloUsageTest" name="testDownloadFile" time="19.962">
    <error message="element not interactable
  (Session info: MicrosoftEdge=105.0.1343.50)
Build info: version: &#039;4.4.0&#039;, revision: &#039;e5c75ed026a&#039;
System info: host: &#039;LAPTOP-BDELJV31&#039;, ip: &#039;10.0.0.31&#039;, os.name: &#039;Windows 11&#039;, os.arch: &#039;amd64&#039;, os.version: &#039;10.0&#039;, java.version: &#039;17.0.4&#039;
Driver info: org.openqa.selenium.edge.EdgeDriver
Command: [1b0a0fe4235874f2198be3a2a94392ec, clickElement {id=7b38f3f4-5f2f-47eb-9e01-1544d5ea941b}]
Capabilities {acceptInsecureCerts: false, browserName: msedge, browserVersion: 105.0.1343.50, ms:edgeOptions: {debuggerAddress: localhost:55864}, msedge: {msedgedriverVersion: 105.0.1343.33 (4122bb4646b3..., userDataDir: C:\Users\USER\AppData\Local...}, networkConnectionEnabled: false, pageLoadStrategy: normal, platformName: WINDOWS, proxy: Proxy(), se:cdp: ws://localhost:55864/devtoo..., se:cdpVersion: 105.0.1343.50, setWindowRect: true, strictFileInteractability: false, timeouts: {implicit: 0, pageLoad: 300000, script: 30000}, unhandledPromptBehavior: dismiss and notify, webauthn:extension:credBlob: true, webauthn:extension:largeBlob: true, webauthn:virtualAuthenticators: true}
Element: [[EdgeDriver: msedge on WINDOWS (1b0a0fe4235874f2198be3a2a94392ec)] -&gt; link text: Add a card]
Session ID: 1b0a0fe4235874f2198be3a2a94392ec" type="org.openqa.selenium.ElementNotInteractableException">
      <![CDATA[org.openqa.selenium.ElementNotInteractableException: element not interactable
  (Session info: MicrosoftEdge=105.0.1343.50)
Build info: version: '4.4.0', revision: 'e5c75ed026a'
System info: host: 'LAPTOP-BDELJV31', ip: '10.0.0.31', os.name: 'Windows 11', os.arch: 'amd64', os.version: '10.0', java.version: '17.0.4'
Driver info: org.openqa.selenium.edge.EdgeDriver
Command: [1b0a0fe4235874f2198be3a2a94392ec, clickElement {id=7b38f3f4-5f2f-47eb-9e01-1544d5ea941b}]
Capabilities {acceptInsecureCerts: false, browserName: msedge, browserVersion: 105.0.1343.50, ms:edgeOptions: {debuggerAddress: localhost:55864}, msedge: {msedgedriverVersion: 105.0.1343.33 (4122bb4646b3..., userDataDir: C:\Users\USER\AppData\Local...}, networkConnectionEnabled: false, pageLoadStrategy: normal, platformName: WINDOWS, proxy: Proxy(), se:cdp: ws://localhost:55864/devtoo..., se:cdpVersion: 105.0.1343.50, setWindowRect: true, strictFileInteractability: false, timeouts: {implicit: 0, pageLoad: 300000, script: 30000}, unhandledPromptBehavior: dismiss and notify, webauthn:extension:credBlob: true, webauthn:extension:largeBlob: true, webauthn:virtualAuthenticators: true}
Element: [[EdgeDriver: msedge on WINDOWS (1b0a0fe4235874f2198be3a2a94392ec)] -> link text: Add a card]
Session ID: 1b0a0fe4235874f2198be3a2a94392ec
at java.base/jdk.internal.reflect.NativeConstructorAccessorImpl.newInstance0(Native Method)
at java.base/jdk.internal.reflect.NativeConstructorAccessorImpl.newInstance(NativeConstructorAccessorImpl.java:77)
at java.base/jdk.internal.reflect.DelegatingConstructorAccessorImpl.newInstance(DelegatingConstructorAccessorImpl.java:45)
at java.base/java.lang.reflect.Constructor.newInstanceWithCaller(Constructor.java:499)
at java.base/java.lang.reflect.Constructor.newInstance(Constructor.java:480)
at org.openqa.selenium.remote.codec.w3c.W3CHttpResponseCodec.createException(W3CHttpResponseCodec.java:200)
at org.openqa.selenium.remote.codec.w3c.W3CHttpResponseCodec.decode(W3CHttpResponseCodec.java:133)
at org.openqa.selenium.remote.codec.w3c.W3CHttpResponseCodec.decode(W3CHttpResponseCodec.java:53)
at org.openqa.selenium.remote.HttpCommandExecutor.execute(HttpCommandExecutor.java:184)
at org.openqa.selenium.remote.service.DriverCommandExecutor.invokeExecute(DriverCommandExecutor.java:167)
at org.openqa.selenium.remote.service.DriverCommandExecutor.execute(DriverCommandExecutor.java:142)
at org.openqa.selenium.remote.RemoteWebDriver.execute(RemoteWebDriver.java:547)
at org.openqa.selenium.remote.RemoteWebElement.execute(RemoteWebElement.java:257)
at org.openqa.selenium.remote.RemoteWebElement.click(RemoteWebElement.java:78)
at pages.Board.createCardWithTitle(Board.java:43)
at trello.TrelloUsageTest.testDownloadFile(TrelloUsageTest.java:74)
at java.base/jdk.internal.reflect.NativeMethodAccessorImpl.invoke0(Native Method)
at java.base/jdk.internal.reflect.NativeMethodAccessorImpl.invoke(NativeMethodAccessorImpl.java:77)
at java.base/jdk.internal.reflect.DelegatingMethodAccessorImpl.invoke(DelegatingMethodAccessorImpl.java:43)
at java.base/java.lang.reflect.Method.invoke(Method.java:568)
at org.testng.internal.invokers.MethodInvocationHelper.invokeMethod(MethodInvocationHelper.java:139)
at org.testng.internal.invokers.TestInvoker.invokeMethod(TestInvoker.java:677)
at org.testng.internal.invokers.TestInvoker.invokeTestMethod(TestInvoker.java:221)
at org.testng.internal.invokers.MethodRunner.runInSequence(MethodRunner.java:50)
at org.testng.internal.invokers.TestInvoker$MethodInvocationAgent.invoke(TestInvoker.java:962)
at org.testng.internal.invokers.TestInvoker.invokeTestMethods(TestInvoker.java:194)
at org.testng.internal.invokers.TestMethodWorker.invokeTestMethods(TestMethodWorker.java:148)
at org.testng.internal.invokers.TestMethodWorker.run(TestMethodWorker.java:128)
at java.base/java.util.ArrayList.forEach(ArrayList.java:1511)
at org.testng.TestRunner.privateRun(TestRunner.java:806)
at org.testng.TestRunner.run(TestRunner.java:601)
at org.testng.SuiteRunner.runTest(SuiteRunner.java:433)
at org.testng.SuiteRunner.runSequentially(SuiteRunner.java:427)
at org.testng.SuiteRunner.privateRun(SuiteRunner.java:387)
at org.testng.SuiteRunner.run(SuiteRunner.java:330)
at org.testng.SuiteRunnerWorker.runSuite(SuiteRunnerWorker.java:52)
at org.testng.SuiteRunnerWorker.run(SuiteRunnerWorker.java:95)
at org.testng.TestNG.runSuitesSequentially(TestNG.java:1256)
at org.testng.TestNG.runSuitesLocally(TestNG.java:1176)
at org.testng.TestNG.runSuites(TestNG.java:1099)
at org.testng.TestNG.run(TestNG.java:1067)
at org.testng.remote.AbstractRemoteTestNG.run(AbstractRemoteTestNG.java:115)
at org.testng.remote.RemoteTestNG.initAndRun(RemoteTestNG.java:251)
at org.testng.remote.RemoteTestNG.main(RemoteTestNG.java:77)
]]>
    </error>
  </testcase> <!-- testDownloadFile -->
  <system-out/>
  <testcase classname="trello.TrelloUsageTest" name="testUserAction" time="0.000">
    <skipped/>
  </testcase> <!-- testUserAction -->
  <system-out/>
</testsuite> <!-- trello.TrelloUsageTest -->
