<?xml version="1.0" encoding="UTF-8"?>
<!-- Generated by org.testng.reporters.JUnitReportReporter -->
<testsuite hostname="LAPTOP-BDELJV31" failures="0" tests="1" name="trello.TrelloUsageTest" time="78.931" errors="0" timestamp="2022-09-26T06:45:35 IDT" skipped="0">
  <testcase classname="trello.TrelloUsageTest" name="testLoginIn" time="78.931"/>
  <system-out/>
</testsuite> <!-- trello.TrelloUsageTest -->
