<?xml version="1.0" encoding="UTF-8"?>
<!-- Generated by org.testng.reporters.JUnitReportReporter -->
<testsuite hostname="LAPTOP-BDELJV31" failures="0" tests="1" name="trello.TrelloUsageTest" time="44.961" errors="0" timestamp="2022-09-28T00:55:54 IDT" skipped="0">
  <testcase classname="trello.TrelloUsageTest" name="testLoginIn" time="44.961"/>
  <system-out/>
</testsuite> <!-- trello.TrelloUsageTest -->
