<?xml version="1.0" encoding="UTF-8"?>
<!-- Generated by org.testng.reporters.JUnitReportReporter -->
<testsuite hostname="LAPTOP-BDELJV31" failures="0" tests="1" name="trello.TrelloUsageTest" time="124.420" errors="0" timestamp="2022-09-24T21:29:26 IDT" skipped="0">
  <testcase classname="trello.TrelloUsageTest" name="testLoginIn" time="124.420"/>
  <system-out/>
</testsuite> <!-- trello.TrelloUsageTest -->
