<?xml version="1.0" encoding="UTF-8"?>
<!-- Generated by org.testng.reporters.JUnitXMLReporter -->
<testsuite ignored="0" hostname="LAPTOP-BDELJV31" failures="0" tests="4" name="test-case-1" time="39.124" errors="0" timestamp="2022-09-28T23:24:06 IDT">
  <testcase classname="trello.TrelloUsageTest" name="testDownloadFile" time="14.965"/>
  <testcase classname="trello.TrelloUsageTest" name="testFileContent" time="0.118"/>
  <testcase classname="trello.TrelloUsageTest" name="testUserAction" time="3.894"/>
  <testcase classname="trello.TrelloUsageTest" name="testDeletingCard" time="12.299"/>
</testsuite> <!-- test-case-1 -->
