<?xml version="1.0" encoding="UTF-8"?>
<!-- Generated by org.testng.reporters.JUnitReportReporter -->
<testsuite hostname="LAPTOP-BDELJV31" failures="0" tests="4" name="address.TestAddressWebsite" time="58.392" errors="0" timestamp="2022-09-22T07:42:45 IDT" skipped="0">
  <testcase classname="address.TestAddressWebsite" name="testCreateAddress" time="13.354"/>
  <system-out/>
  <testcase classname="address.TestAddressWebsite" name="testCreateAddress" time="13.409"/>
  <system-out/>
  <testcase classname="address.TestAddressWebsite" name="testCreateAddress" time="16.457"/>
  <system-out/>
  <testcase classname="address.TestAddressWebsite" name="testCreateAddress" time="15.172"/>
  <system-out/>
</testsuite> <!-- address.TestAddressWebsite -->
