<?xml version="1.0" encoding="UTF-8"?>
<!-- Generated by org.testng.reporters.JUnitReportReporter -->
<testsuite hostname="LAPTOP-BDELJV31" failures="0" tests="2" name="address.TestAddressWebsite" time="26.473" errors="0" timestamp="2022-09-23T11:51:23 IDT" skipped="1">
  <testcase classname="address.TestAddressWebsite" name="testViewAddress" time="26.473"/>
  <system-out/>
  <testcase classname="address.TestAddressWebsite" name="testCreateAddress">
    <skipped/>
  </testcase> <!-- testCreateAddress -->
  <system-out/>
</testsuite> <!-- address.TestAddressWebsite -->
